Watching for file changes with StatReloader
"GET / HTTP/1.1" 200 5522
Not Found: /favicon.ico
"GET /favicon.ico HTTP/1.1" 404 3283
"GET / HTTP/1.1" 200 5522
"GET /history/ HTTP/1.1" 200 4343
"GET / HTTP/1.1" 200 5522
"GET /upload/ HTTP/1.1" 200 5847
"POST /upload/ HTTP/1.1" 302 0
"GET /results/1/ HTTP/1.1" 200 7886
"GET /media/uploads/pavement/pave1.jpg HTTP/1.1" 200 2508733
"GET /upload/ HTTP/1.1" 200 5847
"POST /upload/ HTTP/1.1" 302 0
"GET /results/2/ HTTP/1.1" 200 7884
"GET /media/uploads/pavement/pave2.jpg HTTP/1.1" 200 205574
"GET /upload/ HTTP/1.1" 200 5847
"POST /upload/ HTTP/1.1" 302 0
"GET /results/3/ HTTP/1.1" 200 7448
"GET /media/uploads/pavement/longi.png HTTP/1.1" 200 2491277
"GET /upload/ HTTP/1.1" 200 5847
"POST /upload/ HTTP/1.1" 302 0
"GET /results/4/ HTTP/1.1" 200 7448
"GET /media/uploads/pavement/allig.png HTTP/1.1" 200 2680915
"GET /upload/ HTTP/1.1" 200 5847
"POST /upload/ HTTP/1.1" 302 0
"GET /results/5/ HTTP/1.1" 200 7450
"GET /media/uploads/pavement/pothole.png HTTP/1.1" 200 2529083
"GET /upload/ HTTP/1.1" 200 5847
"POST /upload/ HTTP/1.1" 302 0
"GET /results/6/ HTTP/1.1" 200 7452
"GET /media/uploads/pavement/no_di.png HTTP/1.1" 200 2031714
"GET /upload/ HTTP/1.1" 200 5847
"POST /upload/ HTTP/1.1" 302 0
"GET /results/7/ HTTP/1.1" 200 7456
"GET /media/uploads/pavement/longi_ItpKBJe.png HTTP/1.1" 200 2491277
"GET /history/ HTTP/1.1" 200 12001
"GET /media/uploads/pavement/no_di.png HTTP/1.1" 304 0
"GET /media/uploads/pavement/pothole.png HTTP/1.1" 304 0
"GET /media/uploads/pavement/longi_ItpKBJe.png HTTP/1.1" 304 0
"GET /media/uploads/pavement/allig.png HTTP/1.1" 304 0
"GET /media/uploads/pavement/longi.png HTTP/1.1" 304 0
"GET /media/uploads/pavement/pave1.jpg HTTP/1.1" 304 0
"GET /media/uploads/pavement/pave2.jpg HTTP/1.1" 304 0
Watching for file changes with StatReloader
"GET / HTTP/1.1" 200 10615
"GET /media/uploads/pavement/longi_ItpKBJe.png HTTP/1.1" 304 0
"GET /media/uploads/pavement/no_di.png HTTP/1.1" 304 0
"GET /media/uploads/pavement/allig.png HTTP/1.1" 304 0
"GET /media/uploads/pavement/pothole.png HTTP/1.1" 304 0
"GET /media/uploads/pavement/longi.png HTTP/1.1" 304 0
"GET /media/uploads/pavement/pave2.jpg HTTP/1.1" 304 0
"GET /upload/ HTTP/1.1" 200 5847
"POST /upload/ HTTP/1.1" 302 0
"GET /results/8/ HTTP/1.1" 200 7453
"GET /media/uploads/pavement/allig_9fBsVKl.png HTTP/1.1" 200 2680915
"GET /upload/ HTTP/1.1" 200 5847
"POST /upload/ HTTP/1.1" 302 0
"GET /results/9/ HTTP/1.1" 200 7455
"GET /media/uploads/pavement/no_di_CvbpcK2.png HTTP/1.1" 200 2031714
"GET / HTTP/1.1" 200 10635
"GET /media/uploads/pavement/no_di_CvbpcK2.png HTTP/1.1" 304 0
"GET /media/uploads/pavement/allig_9fBsVKl.png HTTP/1.1" 304 0
"GET /media/uploads/pavement/longi_ItpKBJe.png HTTP/1.1" 304 0
"GET /media/uploads/pavement/no_di.png HTTP/1.1" 304 0
"GET /media/uploads/pavement/pothole.png HTTP/1.1" 304 0
"GET /media/uploads/pavement/allig.png HTTP/1.1" 304 0
Not Found: /favicon.ico
"GET /favicon.ico HTTP/1.1" 404 3283
"GET /upload/ HTTP/1.1" 200 5847
"POST /upload/ HTTP/1.1" 302 0
"GET /results/10/ HTTP/1.1" 200 7456
"GET /media/uploads/pavement/pothole_fF362gv.png HTTP/1.1" 200 2529083
"GET /upload/ HTTP/1.1" 200 5847
"POST /upload/ HTTP/1.1" 302 0
"GET /results/11/ HTTP/1.1" 200 7454
"GET /media/uploads/pavement/longi_ShUECdk.png HTTP/1.1" 200 2491277
"GET /upload/ HTTP/1.1" 200 5847
"POST /upload/ HTTP/1.1" 302 0
"GET /results/12/ HTTP/1.1" 200 7456
"GET /media/uploads/pavement/no_di_GODYmKg.png HTTP/1.1" 200 2031714
"GET /upload/ HTTP/1.1" 200 5847
Watching for file changes with StatReloader
"GET / HTTP/1.1" 200 5522
"GET /upload/ HTTP/1.1" 200 5847
"POST /upload/ HTTP/1.1" 302 0
"GET /results/1/ HTTP/1.1" 200 7451
"GET /media/uploads/pavement/allig_gmhP9UF.png HTTP/1.1" 200 2680915
"GET /upload/ HTTP/1.1" 200 5847
"GET / HTTP/1.1" 200 6567
"GET /media/uploads/pavement/allig_gmhP9UF.png HTTP/1.1" 304 0
"GET /upload/ HTTP/1.1" 200 5847
"POST /upload/ HTTP/1.1" 302 0
"GET /results/2/ HTTP/1.1" 200 7439
"GET /media/uploads/pavement/R.jpg HTTP/1.1" 200 378427
"GET /upload/ HTTP/1.1" 200 5847
"POST /upload/ HTTP/1.1" 302 0
"GET /results/3/ HTTP/1.1" 200 7451
"GET /media/uploads/pavement/longi_sQRn65i.png HTTP/1.1" 200 2491277
"GET /upload/ HTTP/1.1" 200 5847
"POST /upload/ HTTP/1.1" 302 0
"GET /results/4/ HTTP/1.1" 200 7447
"GET /media/uploads/pavement/tranverse.png HTTP/1.1" 200 2656724
"GET /upload/ HTTP/1.1" 200 5847
"POST /upload/ HTTP/1.1" 302 0
"GET /results/5/ HTTP/1.1" 200 7453
"GET /media/uploads/pavement/pothole_GXoGIvF.png HTTP/1.1" 200 2529083
C:\Users\raish\Desktop\django_project\RoadHealthAI\assessment\utils.py changed, reloading.
Watching for file changes with StatReloader
C:\Users\raish\Desktop\django_project\RoadHealthAI\assessment\utils.py changed, reloading.
Watching for file changes with StatReloader
C:\Users\raish\Desktop\django_project\RoadHealthAI\assessment\utils.py changed, reloading.
Watching for file changes with StatReloader
C:\Users\raish\Desktop\django_project\RoadHealthAI\assessment\utils.py changed, reloading.
Watching for file changes with StatReloader
C:\Users\raish\Desktop\django_project\RoadHealthAI\assessment\utils.py changed, reloading.
Watching for file changes with StatReloader
Watching for file changes with StatReloader
"GET / HTTP/1.1" 200 9809
"GET /media/uploads/pavement/pothole_GXoGIvF.png HTTP/1.1" 304 0
"GET /media/uploads/pavement/tranverse.png HTTP/1.1" 304 0
"GET /media/uploads/pavement/longi_sQRn65i.png HTTP/1.1" 304 0
"GET /media/uploads/pavement/allig_gmhP9UF.png HTTP/1.1" 304 0
"GET /media/uploads/pavement/R.jpg HTTP/1.1" 304 0
"GET /upload/ HTTP/1.1" 200 5847
"POST /upload/ HTTP/1.1" 302 0
"GET /results/6/ HTTP/1.1" 200 7451
"GET /media/uploads/pavement/longi_CgmZG4k.png HTTP/1.1" 200 2491277
C:\Users\raish\Desktop\django_project\RoadHealthAI\assessment\utils.py changed, reloading.
Watching for file changes with StatReloader
"GET / HTTP/1.1" 200 10623
"GET /media/uploads/pavement/longi_sQRn65i.png HTTP/1.1" 304 0
"GET /media/uploads/pavement/R.jpg HTTP/1.1" 304 0
"GET /media/uploads/pavement/longi_CgmZG4k.png HTTP/1.1" 304 0
"GET /media/uploads/pavement/tranverse.png HTTP/1.1" 304 0
"GET /media/uploads/pavement/pothole_GXoGIvF.png HTTP/1.1" 304 0
"GET /media/uploads/pavement/allig_gmhP9UF.png HTTP/1.1" 304 0
"GET /upload/ HTTP/1.1" 200 5847
"POST /upload/ HTTP/1.1" 302 0
"GET /results/7/ HTTP/1.1" 200 7451
"GET /media/uploads/pavement/allig_5jqnPpg.png HTTP/1.1" 200 2680915
C:\Users\raish\Desktop\django_project\RoadHealthAI\assessment\utils.py changed, reloading.
Watching for file changes with StatReloader
"GET / HTTP/1.1" 200 10623
"GET /media/uploads/pavement/allig_5jqnPpg.png HTTP/1.1" 304 0
"GET /media/uploads/pavement/longi_CgmZG4k.png HTTP/1.1" 304 0
"GET /media/uploads/pavement/tranverse.png HTTP/1.1" 304 0
"GET /media/uploads/pavement/pothole_GXoGIvF.png HTTP/1.1" 304 0
"GET /media/uploads/pavement/longi_sQRn65i.png HTTP/1.1" 304 0
"GET /media/uploads/pavement/R.jpg HTTP/1.1" 304 0
"GET /upload/ HTTP/1.1" 200 5847
"POST /upload/ HTTP/1.1" 302 0
"GET /results/8/ HTTP/1.1" 200 7451
"GET /media/uploads/pavement/allig_ijlXp6s.png HTTP/1.1" 200 2680915
C:\Users\raish\Desktop\django_project\RoadHealthAI\assessment\utils.py changed, reloading.
Watching for file changes with StatReloader
"GET / HTTP/1.1" 200 10635
"GET /media/uploads/pavement/allig_ijlXp6s.png HTTP/1.1" 304 0
"GET /media/uploads/pavement/longi_CgmZG4k.png HTTP/1.1" 304 0
"GET /media/uploads/pavement/pothole_GXoGIvF.png HTTP/1.1" 304 0
"GET /media/uploads/pavement/allig_5jqnPpg.png HTTP/1.1" 304 0
"GET /media/uploads/pavement/tranverse.png HTTP/1.1" 304 0
"GET /media/uploads/pavement/longi_sQRn65i.png HTTP/1.1" 304 0
"GET /upload/ HTTP/1.1" 200 5847
"POST /upload/ HTTP/1.1" 302 0
"GET /results/9/ HTTP/1.1" 200 7447
"GET /media/uploads/pavement/R_a4Sxjb9.jpg HTTP/1.1" 200 378427
C:\Users\raish\Desktop\django_project\RoadHealthAI\assessment\utils.py changed, reloading.
Watching for file changes with StatReloader
Watching for file changes with StatReloader
"GET / HTTP/1.1" 200 10631
"GET /media/uploads/pavement/R_a4Sxjb9.jpg HTTP/1.1" 304 0
"GET /media/uploads/pavement/allig_5jqnPpg.png HTTP/1.1" 304 0
"GET /media/uploads/pavement/longi_CgmZG4k.png HTTP/1.1" 304 0
"GET /media/uploads/pavement/allig_ijlXp6s.png HTTP/1.1" 304 0
"GET /media/uploads/pavement/pothole_GXoGIvF.png HTTP/1.1" 304 0
"GET /media/uploads/pavement/tranverse.png HTTP/1.1" 304 0
"GET /upload/ HTTP/1.1" 200 5847
"POST /upload/ HTTP/1.1" 302 0
"GET /results/10/ HTTP/1.1" 200 7471
"GET /media/uploads/pavement/pothole_pIwdYvl.png HTTP/1.1" 200 2529083
"GET /upload/ HTTP/1.1" 200 5847
"POST /upload/ HTTP/1.1" 302 0
"GET /results/11/ HTTP/1.1" 200 7451
"GET /media/uploads/pavement/R_CrEyiEG.jpg HTTP/1.1" 200 378427
"GET /upload/ HTTP/1.1" 200 5847
"POST /upload/ HTTP/1.1" 302 0
"GET /results/12/ HTTP/1.1" 200 7462
"GET /media/uploads/pavement/tranverse_Hpu10Of.png HTTP/1.1" 200 2656724
"GET /upload/ HTTP/1.1" 200 5847
"POST /upload/ HTTP/1.1" 302 0
"GET /results/13/ HTTP/1.1" 200 7457
"GET /media/uploads/pavement/allig_VVp68DC.png HTTP/1.1" 200 2680915
"GET /history/ HTTP/1.1" 200 17504
"GET /media/uploads/pavement/allig_VVp68DC.png HTTP/1.1" 304 0
"GET /media/uploads/pavement/R_CrEyiEG.jpg HTTP/1.1" 304 0
"GET /media/uploads/pavement/pothole_pIwdYvl.png HTTP/1.1" 304 0
"GET /media/uploads/pavement/tranverse_Hpu10Of.png HTTP/1.1" 304 0
"GET /media/uploads/pavement/R_a4Sxjb9.jpg HTTP/1.1" 304 0
"GET /media/uploads/pavement/allig_ijlXp6s.png HTTP/1.1" 304 0
"GET /media/uploads/pavement/allig_5jqnPpg.png HTTP/1.1" 304 0
"GET /media/uploads/pavement/longi_CgmZG4k.png HTTP/1.1" 304 0
"GET /media/uploads/pavement/longi_sQRn65i.png HTTP/1.1" 304 0
"GET /media/uploads/pavement/tranverse.png HTTP/1.1" 304 0
"GET /media/uploads/pavement/R.jpg HTTP/1.1" 304 0
"GET /media/uploads/pavement/pothole_GXoGIvF.png HTTP/1.1" 304 0
"GET /admin/ HTTP/1.1" 302 0
"GET /admin/login/?next=/admin/ HTTP/1.1" 200 4162
"GET /static/admin/css/dark_mode.css HTTP/1.1" 200 2682
"GET /static/admin/css/nav_sidebar.css HTTP/1.1" 200 2810
"GET /static/admin/css/login.css HTTP/1.1" 200 958
"GET /static/admin/css/base.css HTTP/1.1" 200 21544
"GET /static/admin/css/responsive.css HTTP/1.1" 200 17905
"GET /static/admin/js/nav_sidebar.js HTTP/1.1" 200 3063
"GET /static/admin/js/theme.js HTTP/1.1" 200 1943
"POST /admin/login/?next=/admin/ HTTP/1.1" 200 4329
Watching for file changes with StatReloader
Watching for file changes with StatReloader
"GET / HTTP/1.1" 200 10648
"GET /media/uploads/pavement/allig_VVp68DC.png HTTP/1.1" 304 0
"GET /media/uploads/pavement/tranverse_Hpu10Of.png HTTP/1.1" 304 0
"GET /media/uploads/pavement/R_CrEyiEG.jpg HTTP/1.1" 304 0
"GET /media/uploads/pavement/pothole_pIwdYvl.png HTTP/1.1" 304 0
"GET /media/uploads/pavement/R_a4Sxjb9.jpg HTTP/1.1" 304 0
"GET /media/uploads/pavement/allig_ijlXp6s.png HTTP/1.1" 304 0
"GET /admin HTTP/1.1" 301 0
"GET /admin/ HTTP/1.1" 302 0
"GET /admin/login/?next=/admin/ HTTP/1.1" 200 4162
"POST /admin/login/?next=/admin/ HTTP/1.1" 302 0
"GET /admin/ HTTP/1.1" 200 6274
"GET /static/admin/img/icon-addlink.svg HTTP/1.1" 200 331
"GET /static/admin/img/icon-changelink.svg HTTP/1.1" 200 380
"GET /static/admin/css/dashboard.css HTTP/1.1" 200 441
"GET /admin/assessment/pavementassessment/ HTTP/1.1" 200 21020
"GET /static/admin/css/changelists.css HTTP/1.1" 200 6811
"GET /static/admin/js/jquery.init.js HTTP/1.1" 200 347
"GET /static/admin/js/actions.js HTTP/1.1" 200 8067
"GET /static/admin/js/core.js HTTP/1.1" 200 6208
"GET /admin/jsi18n/ HTTP/1.1" 200 3342
"GET /static/admin/js/urlify.js HTTP/1.1" 200 7887
"GET /static/admin/js/admin/RelatedObjectLookups.js HTTP/1.1" 200 9042
"GET /static/admin/js/prepopulate.js HTTP/1.1" 200 1531
"GET /static/admin/img/icon-yes.svg HTTP/1.1" 200 436
"GET /static/admin/img/search.svg HTTP/1.1" 200 458
"GET /static/admin/js/vendor/jquery/jquery.js HTTP/1.1" 200 285314
"GET /static/admin/js/filters.js HTTP/1.1" 200 978
"GET /static/admin/js/vendor/xregexp/xregexp.js HTTP/1.1" 200 325171
"GET /static/admin/img/icon-viewlink.svg HTTP/1.1" 200 581
"GET /static/admin/img/sorting-icons.svg HTTP/1.1" 200 1097
"GET /static/admin/img/tooltag-add.svg HTTP/1.1" 200 331
"GET /admin/assessment/pavementassessment/?q=alligator HTTP/1.1" 200 11616
"GET /admin/jsi18n/ HTTP/1.1" 200 3342
Watching for file changes with StatReloader
"GET / HTTP/1.1" 200 10648
"GET /media/uploads/pavement/R_CrEyiEG.jpg HTTP/1.1" 304 0
"GET /media/uploads/pavement/tranverse_Hpu10Of.png HTTP/1.1" 304 0
"GET /media/uploads/pavement/pothole_pIwdYvl.png HTTP/1.1" 304 0
"GET /media/uploads/pavement/allig_VVp68DC.png HTTP/1.1" 304 0
"GET /media/uploads/pavement/R_a4Sxjb9.jpg HTTP/1.1" 304 0
"GET /media/uploads/pavement/allig_ijlXp6s.png HTTP/1.1" 304 0
"GET /upload/ HTTP/1.1" 200 5847
Not Found: /favicon.ico
"GET /favicon.ico HTTP/1.1" 404 3283
Not Found: /favicon.ico
"GET /favicon.ico HTTP/1.1" 404 3283
"POST /upload/ HTTP/1.1" 302 0
"GET /results/14/ HTTP/1.1" 200 7451
"GET /media/uploads/pavement/R_ZO1FlLu.jpg HTTP/1.1" 200 378427
"GET /upload/ HTTP/1.1" 200 5847
"POST /upload/ HTTP/1.1" 302 0
"GET /results/15/ HTTP/1.1" 200 7471
"GET /media/uploads/pavement/pothole_oLOnz78.png HTTP/1.1" 200 2529083
"GET / HTTP/1.1" 200 10661
"GET /media/uploads/pavement/pothole_oLOnz78.png HTTP/1.1" 304 0
"GET /media/uploads/pavement/R_ZO1FlLu.jpg HTTP/1.1" 304 0
"GET / HTTP/1.1" 200 10661
"GET /media/uploads/pavement/pothole_oLOnz78.png HTTP/1.1" 304 0
"GET /media/uploads/pavement/R_ZO1FlLu.jpg HTTP/1.1" 304 0
"GET /upload/ HTTP/1.1" 200 5847
"POST /upload/ HTTP/1.1" 302 0
"GET /results/16/ HTTP/1.1" 200 7451
"GET /media/uploads/pavement/R_l1E3UJF.jpg HTTP/1.1" 200 378427
"GET /upload/ HTTP/1.1" 200 5847
